<?xml version="1.0" encoding="utf-8"?>
<!DOCTYPE coverage SYSTEM "http://cobertura.sourceforge.net/xml/coverage-04.dtd">
<coverage line-rate="0.9448275862068966" branch-rate="1" lines-covered="137" lines-valid="145" branches-covered="18" branches-valid="18" complexity="41" version="0" timestamp="1636628974">
  <sources />
  <packages>
    <package name="TVSet" line-rate="0.8805970149253731" branch-rate="1" complexity="21">
      <classes>
        <class name="TVSet.Program" filename="C:\Users\Irina\source\repos\TiOPO\TVSet\TVSet\Program.cs" line-rate="0" branch-rate="1" complexity="NaN">
          <methods>
            <method name="Main" signature="(System.String[])" line-rate="0" branch-rate="1" complexity="NaN">
              <lines>
                <line number="13" hits="0" branch="false" />
                <line number="14" hits="0" branch="false" />
                <line number="16" hits="0" branch="false" />
                <line number="17" hits="0" branch="false" />
                <line number="19" hits="0" branch="false" />
                <line number="20" hits="0" branch="false" />
                <line number="22" hits="0" branch="false" />
                <line number="23" hits="0" branch="false" />
              </lines>
            </method>
          </methods>
          <lines>
            <line number="13" hits="0" branch="false" />
            <line number="14" hits="0" branch="false" />
            <line number="16" hits="0" branch="false" />
            <line number="17" hits="0" branch="false" />
            <line number="19" hits="0" branch="false" />
            <line number="20" hits="0" branch="false" />
            <line number="22" hits="0" branch="false" />
            <line number="23" hits="0" branch="false" />
          </lines>
        </class>
        <class name="TVSet.TVSet" filename="C:\Users\Irina\source\repos\TiOPO\TVSet\TVSet\TVSet.cs" line-rate="1" branch-rate="1" complexity="15">
          <methods>
            <method name="IsTurnedOn" signature="()" line-rate="1" branch-rate="1" complexity="1">
              <lines>
                <line number="16" hits="3" branch="false" />
                <line number="17" hits="3" branch="false" />
                <line number="18" hits="3" branch="false" />
              </lines>
            </method>
            <method name="TurnOn" signature="()" line-rate="1" branch-rate="1" complexity="1">
              <lines>
                <line number="21" hits="12" branch="false" />
                <line number="22" hits="12" branch="false" />
                <line number="23" hits="12" branch="false" />
              </lines>
            </method>
            <method name="TurnOff" signature="()" line-rate="1" branch-rate="1" complexity="1">
              <lines>
                <line number="26" hits="1" branch="false" />
                <line number="27" hits="1" branch="false" />
                <line number="28" hits="1" branch="false" />
              </lines>
            </method>
            <method name="GetChannel" signature="()" line-rate="1" branch-rate="1" complexity="3">
              <lines>
                <line number="31" hits="12" branch="false" />
                <line number="32" hits="12" branch="true" condition-coverage="100% (2/2)" />
                <line number="33" hits="12" branch="false" />
              </lines>
            </method>
            <method name="SelectChannel" signature="(System.Int32)" line-rate="1" branch-rate="1" complexity="NaN">
              <lines>
                <line number="36" hits="10" branch="false" />
                <line number="37" hits="10" branch="true" condition-coverage="100% (2/2)" />
                <line number="38" hits="10" branch="true" condition-coverage="100% (4/4)" />
                <line number="39" hits="7" branch="false" />
                <line number="40" hits="7" branch="false" />
                <line number="41" hits="7" branch="false" />
                <line number="42" hits="7" branch="false" />
                <line number="44" hits="3" branch="false" />
                <line number="45" hits="10" branch="false" />
              </lines>
            </method>
            <method name="SelectPreviousChannel" signature="()" line-rate="1" branch-rate="1" complexity="2">
              <lines>
                <line number="48" hits="2" branch="false" />
                <line number="49" hits="2" branch="true" condition-coverage="100% (2/2)" />
                <line number="50" hits="1" branch="false" />
                <line number="51" hits="1" branch="false" />
                <line number="52" hits="1" branch="false" />
                <line number="54" hits="1" branch="false" />
                <line number="55" hits="2" branch="false" />
              </lines>
            </method>
            <method name="SelectChannelAfter" signature="()" line-rate="1" branch-rate="1" complexity="3">
              <lines>
                <line number="58" hits="3" branch="false" />
                <line number="59" hits="3" branch="true" condition-coverage="100% (2/2)" />
                <line number="60" hits="2" branch="false" />
                <line number="61" hits="2" branch="false" />
                <line number="62" hits="2" branch="true" condition-coverage="100% (2/2)" />
                <line number="63" hits="1" branch="false" />
                <line number="64" hits="1" branch="false" />
                <line number="65" hits="1" branch="false" />
                <line number="67" hits="1" branch="false" />
                <line number="68" hits="1" branch="false" />
                <line number="69" hits="1" branch="false" />
                <line number="70" hits="2" branch="false" />
                <line number="72" hits="1" branch="false" />
                <line number="73" hits="3" branch="false" />
              </lines>
            </method>
            <method name="SelectChannelBefore" signature="()" line-rate="1" branch-rate="1" complexity="3">
              <lines>
                <line number="76" hits="3" branch="false" />
                <line number="77" hits="3" branch="true" condition-coverage="100% (2/2)" />
                <line number="78" hits="2" branch="false" />
                <line number="79" hits="2" branch="false" />
                <line number="80" hits="2" branch="true" condition-coverage="100% (2/2)" />
                <line number="81" hits="1" branch="false" />
                <line number="82" hits="1" branch="false" />
                <line number="83" hits="1" branch="false" />
                <line number="85" hits="1" branch="false" />
                <line number="86" hits="1" branch="false" />
                <line number="87" hits="1" branch="false" />
                <line number="88" hits="2" branch="false" />
                <line number="90" hits="1" branch="false" />
                <line number="91" hits="3" branch="false" />
              </lines>
            </method>
            <method name=".ctor" signature="()" line-rate="1" branch-rate="1" complexity="1">
              <lines>
                <line number="11" hits="18" branch="false" />
                <line number="12" hits="18" branch="false" />
                <line number="13" hits="18" branch="false" />
              </lines>
            </method>
          </methods>
          <lines>
            <line number="11" hits="18" branch="false" />
            <line number="12" hits="18" branch="false" />
            <line number="13" hits="18" branch="false" />
            <line number="16" hits="3" branch="false" />
            <line number="17" hits="3" branch="false" />
            <line number="18" hits="3" branch="false" />
            <line number="21" hits="12" branch="false" />
            <line number="22" hits="12" branch="false" />
            <line number="23" hits="12" branch="false" />
            <line number="26" hits="1" branch="false" />
            <line number="27" hits="1" branch="false" />
            <line number="28" hits="1" branch="false" />
            <line number="31" hits="12" branch="false" />
            <line number="32" hits="12" branch="true" condition-coverage="100% (2/2)" />
            <line number="33" hits="12" branch="false" />
            <line number="36" hits="10" branch="false" />
            <line number="37" hits="10" branch="true" condition-coverage="100% (2/2)" />
            <line number="38" hits="10" branch="true" condition-coverage="100% (4/4)" />
            <line number="39" hits="7" branch="false" />
            <line number="40" hits="7" branch="false" />
            <line number="41" hits="7" branch="false" />
            <line number="42" hits="7" branch="false" />
            <line number="44" hits="3" branch="false" />
            <line number="45" hits="10" branch="false" />
            <line number="48" hits="2" branch="false" />
            <line number="49" hits="2" branch="true" condition-coverage="100% (2/2)" />
            <line number="50" hits="1" branch="false" />
            <line number="51" hits="1" branch="false" />
            <line number="52" hits="1" branch="false" />
            <line number="54" hits="1" branch="false" />
            <line number="55" hits="2" branch="false" />
            <line number="58" hits="3" branch="false" />
            <line number="59" hits="3" branch="true" condition-coverage="100% (2/2)" />
            <line number="60" hits="2" branch="false" />
            <line number="61" hits="2" branch="false" />
            <line number="62" hits="2" branch="true" condition-coverage="100% (2/2)" />
            <line number="63" hits="1" branch="false" />
            <line number="64" hits="1" branch="false" />
            <line number="65" hits="1" branch="false" />
            <line number="67" hits="1" branch="false" />
            <line number="68" hits="1" branch="false" />
            <line number="69" hits="1" branch="false" />
            <line number="70" hits="2" branch="false" />
            <line number="72" hits="1" branch="false" />
            <line number="73" hits="3" branch="false" />
            <line number="76" hits="3" branch="false" />
            <line number="77" hits="3" branch="true" condition-coverage="100% (2/2)" />
            <line number="78" hits="2" branch="false" />
            <line number="79" hits="2" branch="false" />
            <line number="80" hits="2" branch="true" condition-coverage="100% (2/2)" />
            <line number="81" hits="1" branch="false" />
            <line number="82" hits="1" branch="false" />
            <line number="83" hits="1" branch="false" />
            <line number="85" hits="1" branch="false" />
            <line number="86" hits="1" branch="false" />
            <line number="87" hits="1" branch="false" />
            <line number="88" hits="2" branch="false" />
            <line number="90" hits="1" branch="false" />
            <line number="91" hits="3" branch="false" />
          </lines>
        </class>
      </classes>
    </package>
    <package name="TVSetTests" line-rate="1" branch-rate="1" complexity="20">
      <classes>
        <class name="TVSetTests.ThenTVIsTurnedOff" filename="C:\Users\Irina\source\repos\TiOPO\TVSet\TVSetTests\UnitTest1.cs" line-rate="1" branch-rate="1" complexity="8">
          <methods>
            <method name="TestInit" signature="()" line-rate="1" branch-rate="1" complexity="1">
              <lines>
                <line number="14" hits="7" branch="false" />
                <line number="15" hits="7" branch="false" />
                <line number="16" hits="7" branch="false" />
              </lines>
            </method>
            <method name="GetDefaultStateOfTV_TVIsTurnedOff" signature="()" line-rate="1" branch-rate="1" complexity="1">
              <lines>
                <line number="20" hits="1" branch="false" />
                <line number="21" hits="1" branch="false" />
                <line number="22" hits="1" branch="false" />
              </lines>
            </method>
            <method name="GetDefaultChannelThenTVIsTurnedOff_DefaultChannelIsZero" signature="()" line-rate="1" branch-rate="1" complexity="1">
              <lines>
                <line number="26" hits="1" branch="false" />
                <line number="27" hits="1" branch="false" />
                <line number="28" hits="1" branch="false" />
              </lines>
            </method>
            <method name="TryToSelectChannel_ChannelIsZero" signature="()" line-rate="1" branch-rate="1" complexity="1">
              <lines>
                <line number="32" hits="1" branch="false" />
                <line number="33" hits="1" branch="false" />
                <line number="34" hits="1" branch="false" />
                <line number="35" hits="1" branch="false" />
              </lines>
            </method>
            <method name="TryToSelectPreviousChannel_NullIsReturned" signature="()" line-rate="1" branch-rate="1" complexity="1">
              <lines>
                <line number="39" hits="1" branch="false" />
                <line number="40" hits="1" branch="false" />
                <line number="41" hits="1" branch="false" />
              </lines>
            </method>
            <method name="TryToSelectChannelAfter_NullIsReturned" signature="()" line-rate="1" branch-rate="1" complexity="1">
              <lines>
                <line number="45" hits="1" branch="false" />
                <line number="46" hits="1" branch="false" />
                <line number="47" hits="1" branch="false" />
              </lines>
            </method>
            <method name="TryToSelectChannelBefore_NullIsReturned" signature="()" line-rate="1" branch-rate="1" complexity="1">
              <lines>
                <line number="51" hits="1" branch="false" />
                <line number="52" hits="1" branch="false" />
                <line number="53" hits="1" branch="false" />
              </lines>
            </method>
            <method name="TurnOnTV_TVIsTurnedOn" signature="()" line-rate="1" branch-rate="1" complexity="1">
              <lines>
                <line number="57" hits="1" branch="false" />
                <line number="58" hits="1" branch="false" />
                <line number="59" hits="1" branch="false" />
                <line number="60" hits="1" branch="false" />
              </lines>
            </method>
          </methods>
          <lines>
            <line number="14" hits="7" branch="false" />
            <line number="15" hits="7" branch="false" />
            <line number="16" hits="7" branch="false" />
            <line number="20" hits="1" branch="false" />
            <line number="21" hits="1" branch="false" />
            <line number="22" hits="1" branch="false" />
            <line number="26" hits="1" branch="false" />
            <line number="27" hits="1" branch="false" />
            <line number="28" hits="1" branch="false" />
            <line number="32" hits="1" branch="false" />
            <line number="33" hits="1" branch="false" />
            <line number="34" hits="1" branch="false" />
            <line number="35" hits="1" branch="false" />
            <line number="39" hits="1" branch="false" />
            <line number="40" hits="1" branch="false" />
            <line number="41" hits="1" branch="false" />
            <line number="45" hits="1" branch="false" />
            <line number="46" hits="1" branch="false" />
            <line number="47" hits="1" branch="false" />
            <line number="51" hits="1" branch="false" />
            <line number="52" hits="1" branch="false" />
            <line number="53" hits="1" branch="false" />
            <line number="57" hits="1" branch="false" />
            <line number="58" hits="1" branch="false" />
            <line number="59" hits="1" branch="false" />
            <line number="60" hits="1" branch="false" />
          </lines>
        </class>
        <class name="TVSetTests.ThenTVIsTurnedOn" filename="C:\Users\Irina\source\repos\TiOPO\TVSet\TVSetTests\UnitTest1.cs" line-rate="1" branch-rate="1" complexity="12">
          <methods>
            <method name="TestInit" signature="()" line-rate="1" branch-rate="1" complexity="1">
              <lines>
                <line number="70" hits="11" branch="false" />
                <line number="71" hits="11" branch="false" />
                <line number="72" hits="11" branch="false" />
                <line number="73" hits="11" branch="false" />
              </lines>
            </method>
            <method name="GetDefaultStateOfTVThenTVIsTurnedOn_ChannelIsFirst" signature="()" line-rate="1" branch-rate="1" complexity="1">
              <lines>
                <line number="77" hits="1" branch="false" />
                <line number="78" hits="1" branch="false" />
                <line number="79" hits="1" branch="false" />
              </lines>
            </method>
            <method name="SelectMaxChannel_ChannelISSelected" signature="()" line-rate="1" branch-rate="1" complexity="1">
              <lines>
                <line number="83" hits="1" branch="false" />
                <line number="84" hits="1" branch="false" />
                <line number="85" hits="1" branch="false" />
                <line number="86" hits="1" branch="false" />
              </lines>
            </method>
            <method name="SelectChannelInMiddle_ChannelISSelected" signature="()" line-rate="1" branch-rate="1" complexity="1">
              <lines>
                <line number="90" hits="1" branch="false" />
                <line number="91" hits="1" branch="false" />
                <line number="92" hits="1" branch="false" />
                <line number="93" hits="1" branch="false" />
              </lines>
            </method>
            <method name="SelectChannelLessThanMin_ChannelIsNotSelected" signature="()" line-rate="1" branch-rate="1" complexity="1">
              <lines>
                <line number="97" hits="1" branch="false" />
                <line number="98" hits="1" branch="false" />
                <line number="99" hits="1" branch="false" />
                <line number="100" hits="1" branch="false" />
              </lines>
            </method>
            <method name="SelectChannelBiggerThanMax_ChannelIsNotSelected" signature="()" line-rate="1" branch-rate="1" complexity="1">
              <lines>
                <line number="104" hits="1" branch="false" />
                <line number="105" hits="1" branch="false" />
                <line number="106" hits="1" branch="false" />
                <line number="107" hits="1" branch="false" />
              </lines>
            </method>
            <method name="SelectPreviousChannel_PreviousChannelIsSelected" signature="()" line-rate="1" branch-rate="1" complexity="1">
              <lines>
                <line number="111" hits="1" branch="false" />
                <line number="112" hits="1" branch="false" />
                <line number="114" hits="1" branch="false" />
                <line number="115" hits="1" branch="false" />
                <line number="117" hits="1" branch="false" />
                <line number="118" hits="1" branch="false" />
              </lines>
            </method>
            <method name="SelectChannelAfter_ChannelAfterIsSelected" signature="()" line-rate="1" branch-rate="1" complexity="1">
              <lines>
                <line number="122" hits="1" branch="false" />
                <line number="123" hits="1" branch="false" />
                <line number="125" hits="1" branch="false" />
                <line number="126" hits="1" branch="false" />
                <line number="127" hits="1" branch="false" />
              </lines>
            </method>
            <method name="SelectChannelAfterMax_ChannelAfterIsSelected" signature="()" line-rate="1" branch-rate="1" complexity="1">
              <lines>
                <line number="131" hits="1" branch="false" />
                <line number="132" hits="1" branch="false" />
                <line number="134" hits="1" branch="false" />
                <line number="135" hits="1" branch="false" />
                <line number="136" hits="1" branch="false" />
              </lines>
            </method>
            <method name="SelectChannelBefore_ChannelBeforeIsSelected" signature="()" line-rate="1" branch-rate="1" complexity="1">
              <lines>
                <line number="140" hits="1" branch="false" />
                <line number="141" hits="1" branch="false" />
                <line number="143" hits="1" branch="false" />
                <line number="144" hits="1" branch="false" />
                <line number="145" hits="1" branch="false" />
              </lines>
            </method>
            <method name="SelectChannelBeforeMin_ChannelAfterIsSelected" signature="()" line-rate="1" branch-rate="1" complexity="1">
              <lines>
                <line number="149" hits="1" branch="false" />
                <line number="150" hits="1" branch="false" />
                <line number="151" hits="1" branch="false" />
                <line number="152" hits="1" branch="false" />
              </lines>
            </method>
            <method name="TurnOffTV_TVIsTurnedOff" signature="()" line-rate="1" branch-rate="1" complexity="1">
              <lines>
                <line number="156" hits="1" branch="false" />
                <line number="157" hits="1" branch="false" />
                <line number="158" hits="1" branch="false" />
                <line number="159" hits="1" branch="false" />
              </lines>
            </method>
          </methods>
          <lines>
            <line number="70" hits="11" branch="false" />
            <line number="71" hits="11" branch="false" />
            <line number="72" hits="11" branch="false" />
            <line number="73" hits="11" branch="false" />
            <line number="77" hits="1" branch="false" />
            <line number="78" hits="1" branch="false" />
            <line number="79" hits="1" branch="false" />
            <line number="83" hits="1" branch="false" />
            <line number="84" hits="1" branch="false" />
            <line number="85" hits="1" branch="false" />
            <line number="86" hits="1" branch="false" />
            <line number="90" hits="1" branch="false" />
            <line number="91" hits="1" branch="false" />
            <line number="92" hits="1" branch="false" />
            <line number="93" hits="1" branch="false" />
            <line number="97" hits="1" branch="false" />
            <line number="98" hits="1" branch="false" />
            <line number="99" hits="1" branch="false" />
            <line number="100" hits="1" branch="false" />
            <line number="104" hits="1" branch="false" />
            <line number="105" hits="1" branch="false" />
            <line number="106" hits="1" branch="false" />
            <line number="107" hits="1" branch="false" />
            <line number="111" hits="1" branch="false" />
            <line number="112" hits="1" branch="false" />
            <line number="114" hits="1" branch="false" />
            <line number="115" hits="1" branch="false" />
            <line number="117" hits="1" branch="false" />
            <line number="118" hits="1" branch="false" />
            <line number="122" hits="1" branch="false" />
            <line number="123" hits="1" branch="false" />
            <line number="125" hits="1" branch="false" />
            <line number="126" hits="1" branch="false" />
            <line number="127" hits="1" branch="false" />
            <line number="131" hits="1" branch="false" />
            <line number="132" hits="1" branch="false" />
            <line number="134" hits="1" branch="false" />
            <line number="135" hits="1" branch="false" />
            <line number="136" hits="1" branch="false" />
            <line number="140" hits="1" branch="false" />
            <line number="141" hits="1" branch="false" />
            <line number="143" hits="1" branch="false" />
            <line number="144" hits="1" branch="false" />
            <line number="145" hits="1" branch="false" />
            <line number="149" hits="1" branch="false" />
            <line number="150" hits="1" branch="false" />
            <line number="151" hits="1" branch="false" />
            <line number="152" hits="1" branch="false" />
            <line number="156" hits="1" branch="false" />
            <line number="157" hits="1" branch="false" />
            <line number="158" hits="1" branch="false" />
            <line number="159" hits="1" branch="false" />
          </lines>
        </class>
      </classes>
    </package>
  </packages>
</coverage>